0 info it worked if it ends with ok
1 verbose cli [ '/usr/bin/nodejs', '/usr/bin/npm', 'install', 'redis', '--save' ]
2 info using npm@3.5.2
3 info using node@v4.2.6
4 silly loadCurrentTree Starting
5 silly install loadCurrentTree
6 silly install readLocalPackageData
7 silly fetchPackageMetaData redis
8 silly fetchNamedPackageData redis
9 silly mapToRegistry name redis
10 silly mapToRegistry using default registry
11 silly mapToRegistry registry https://registry.npmjs.org/
12 silly mapToRegistry uri https://registry.npmjs.org/redis
13 verbose request uri https://registry.npmjs.org/redis
14 verbose request no auth needed
15 info attempt registry request try #1 at 10:39:04 AM
16 verbose request id b523ef48b88b8624
17 verbose etag "YEWOJ7QKZYP4U88MX920KA7Y"
18 http request GET https://registry.npmjs.org/redis
19 http 304 https://registry.npmjs.org/redis
20 verbose headers { date: 'Mon, 05 Sep 2016 08:39:05 GMT',
20 verbose headers   via: '1.1 varnish',
20 verbose headers   'cache-control': 'max-age=300',
20 verbose headers   etag: '"YEWOJ7QKZYP4U88MX920KA7Y"',
20 verbose headers   age: '108',
20 verbose headers   connection: 'keep-alive',
20 verbose headers   'x-served-by': 'cache-ams4433-AMS',
20 verbose headers   'x-cache': 'HIT',
20 verbose headers   'x-cache-hits': '1',
20 verbose headers   'x-timer': 'S1473064745.072492,VS0,VE0',
20 verbose headers   vary: 'Accept-Encoding' }
21 silly get cb [ 304,
21 silly get   { date: 'Mon, 05 Sep 2016 08:39:05 GMT',
21 silly get     via: '1.1 varnish',
21 silly get     'cache-control': 'max-age=300',
21 silly get     etag: '"YEWOJ7QKZYP4U88MX920KA7Y"',
21 silly get     age: '108',
21 silly get     connection: 'keep-alive',
21 silly get     'x-served-by': 'cache-ams4433-AMS',
21 silly get     'x-cache': 'HIT',
21 silly get     'x-cache-hits': '1',
21 silly get     'x-timer': 'S1473064745.072492,VS0,VE0',
21 silly get     vary: 'Accept-Encoding' } ]
22 verbose etag https://registry.npmjs.org/redis from cache
23 verbose get saving redis to /home/obay/.npm/registry.npmjs.org/redis/.cache.json
24 silly install normalizeTree
25 silly loadCurrentTree Finishing
26 silly loadIdealTree Starting
27 silly install loadIdealTree
28 silly cloneCurrentTree Starting
29 silly install cloneCurrentTreeToIdealTree
30 silly cloneCurrentTree Finishing
31 silly loadShrinkwrap Starting
32 silly install loadShrinkwrap
33 silly loadShrinkwrap Finishing
34 silly loadAllDepsIntoIdealTree Starting
35 silly install loadAllDepsIntoIdealTree
36 silly rollbackFailedOptional Starting
37 silly rollbackFailedOptional Finishing
38 silly runTopLevelLifecycles Starting
39 silly runTopLevelLifecycles Finishing
40 silly install printInstalled
41 verbose stack Error: Refusing to install redis as a dependency of itself
41 verbose stack     at checkSelf (/usr/share/npm/lib/install/validate-args.js:40:14)
41 verbose stack     at Array.<anonymous> (/usr/share/npm/node_modules/slide/lib/bind-actor.js:15:8)
41 verbose stack     at LOOP (/usr/share/npm/node_modules/slide/lib/chain.js:15:14)
41 verbose stack     at chain (/usr/share/npm/node_modules/slide/lib/chain.js:20:5)
41 verbose stack     at /usr/share/npm/lib/install/validate-args.js:15:5
41 verbose stack     at /usr/share/npm/node_modules/slide/lib/async-map.js:52:35
41 verbose stack     at Array.forEach (native)
41 verbose stack     at /usr/share/npm/node_modules/slide/lib/async-map.js:52:11
41 verbose stack     at Array.forEach (native)
41 verbose stack     at asyncMap (/usr/share/npm/node_modules/slide/lib/async-map.js:51:8)
42 verbose cwd /home/obay/Desktop/SpicedAcademy/redis
43 error Linux 4.4.0-36-generic
44 error argv "/usr/bin/nodejs" "/usr/bin/npm" "install" "redis" "--save"
45 error node v4.2.6
46 error npm  v3.5.2
47 error code ENOSELF
48 error Refusing to install redis as a dependency of itself
49 error If you need help, you may report this error at:
49 error     <https://github.com/npm/npm/issues>
50 verbose exit [ 1, true ]
